{"C:\\Users\\user\\Documents\\code\\js-jest-testing-project-67\\src\\index.js": {"path":"C:\\Users\\user\\Documents\\code\\js-jest-testing-project-67\\src\\index.js","statementMap":{"0":{"start":{"line":12,"column":2},"end":{"line":17,"column":3}},"1":{"start":{"line":13,"column":4},"end":{"line":13,"column":24}},"2":{"start":{"line":15,"column":4},"end":{"line":15,"column":73}},"3":{"start":{"line":16,"column":4},"end":{"line":16,"column":20}},"4":{"start":{"line":19,"column":15},"end":{"line":25,"column":6}},"5":{"start":{"line":21,"column":19},"end":{"line":21,"column":27}},"6":{"start":{"line":23,"column":6},"end":{"line":23,"column":30}},"7":{"start":{"line":24,"column":6},"end":{"line":24,"column":22}},"8":{"start":{"line":27,"column":22},"end":{"line":27,"column":51}},"9":{"start":{"line":28,"column":22},"end":{"line":28,"column":69}},"10":{"start":{"line":30,"column":2},"end":{"line":35,"column":3}},"11":{"start":{"line":31,"column":4},"end":{"line":31,"column":31}},"12":{"start":{"line":33,"column":4},"end":{"line":33,"column":42}},"13":{"start":{"line":34,"column":4},"end":{"line":34,"column":20}},"14":{"start":{"line":37,"column":2},"end":{"line":43,"column":3}},"15":{"start":{"line":38,"column":4},"end":{"line":38,"column":42}},"16":{"start":{"line":40,"column":4},"end":{"line":40,"column":31}},"17":{"start":{"line":41,"column":4},"end":{"line":41,"column":62}},"18":{"start":{"line":42,"column":4},"end":{"line":42,"column":20}},"19":{"start":{"line":45,"column":2},"end":{"line":45,"column":27}}},"fnMap":{"0":{"name":"savePage","decl":{"start":{"line":10,"column":15},"end":{"line":10,"column":23}},"loc":{"start":{"line":10,"column":43},"end":{"line":46,"column":1}},"line":10},"1":{"name":"(anonymous_1)","decl":{"start":{"line":21,"column":10},"end":{"line":21,"column":11}},"loc":{"start":{"line":21,"column":19},"end":{"line":21,"column":27}},"line":21},"2":{"name":"(anonymous_2)","decl":{"start":{"line":22,"column":11},"end":{"line":22,"column":12}},"loc":{"start":{"line":22,"column":22},"end":{"line":25,"column":5}},"line":22}},"branchMap":{"0":{"loc":{"start":{"line":10,"column":30},"end":{"line":10,"column":41}},"type":"default-arg","locations":[{"start":{"line":10,"column":39},"end":{"line":10,"column":41}}],"line":10}},"s":{"0":2,"1":2,"2":0,"3":0,"4":2,"5":1,"6":1,"7":1,"8":2,"9":2,"10":2,"11":2,"12":1,"13":1,"14":2,"15":2,"16":1,"17":1,"18":1,"19":2},"f":{"0":2,"1":1,"2":1},"b":{"0":[0]},"_coverageSchema":"1a1c01bbd47fc00a2c39e90264f33305004495a9","hash":"be001de690713b0b803421246fec2ada522297d8"}
,"C:\\Users\\user\\Documents\\code\\js-jest-testing-project-67\\src\\parse.js": {"path":"C:\\Users\\user\\Documents\\code\\js-jest-testing-project-67\\src\\parse.js","statementMap":{"0":{"start":{"line":11,"column":12},"end":{"line":11,"column":30}},"1":{"start":{"line":13,"column":2},"end":{"line":13,"column":43}},"2":{"start":{"line":14,"column":2},"end":{"line":14,"column":42}},"3":{"start":{"line":15,"column":2},"end":{"line":15,"column":44}},"4":{"start":{"line":17,"column":23},"end":{"line":17,"column":64}},"5":{"start":{"line":19,"column":23},"end":{"line":19,"column":61}},"6":{"start":{"line":21,"column":2},"end":{"line":21,"column":49}},"7":{"start":{"line":22,"column":2},"end":{"line":22,"column":35}}},"fnMap":{"0":{"name":"parse","decl":{"start":{"line":10,"column":15},"end":{"line":10,"column":20}},"loc":{"start":{"line":10,"column":47},"end":{"line":23,"column":1}},"line":10}},"branchMap":{},"s":{"0":2,"1":1,"2":1,"3":1,"4":1,"5":1,"6":1,"7":1},"f":{"0":2},"b":{},"_coverageSchema":"1a1c01bbd47fc00a2c39e90264f33305004495a9","hash":"244bfc8f0cffab7f13ef7966f3ac477254be1ad5"}
,"C:\\Users\\user\\Documents\\code\\js-jest-testing-project-67\\src\\helpers\\parseImages.js": {"path":"C:\\Users\\user\\Documents\\code\\js-jest-testing-project-67\\src\\helpers\\parseImages.js","statementMap":{"0":{"start":{"line":9,"column":15},"end":{"line":9,"column":23}},"1":{"start":{"line":11,"column":46},"end":{"line":11,"column":58}},"2":{"start":{"line":13,"column":22},"end":{"line":13,"column":24}},"3":{"start":{"line":14,"column":2},"end":{"line":16,"column":5}},"4":{"start":{"line":15,"column":4},"end":{"line":15,"column":40}},"5":{"start":{"line":18,"column":29},"end":{"line":18,"column":68}},"6":{"start":{"line":18,"column":52},"end":{"line":18,"column":67}},"7":{"start":{"line":20,"column":29},"end":{"line":20,"column":31}},"8":{"start":{"line":21,"column":2},"end":{"line":42,"column":3}},"9":{"start":{"line":22,"column":4},"end":{"line":25,"column":5}},"10":{"start":{"line":23,"column":6},"end":{"line":23,"column":41}},"11":{"start":{"line":24,"column":6},"end":{"line":24,"column":15}},"12":{"start":{"line":27,"column":17},"end":{"line":32,"column":8}},"13":{"start":{"line":29,"column":21},"end":{"line":29,"column":29}},"14":{"start":{"line":31,"column":8},"end":{"line":31,"column":32}},"15":{"start":{"line":34,"column":4},"end":{"line":41,"column":5}},"16":{"start":{"line":35,"column":23},"end":{"line":35,"column":42}},"17":{"start":{"line":36,"column":6},"end":{"line":36,"column":60}},"18":{"start":{"line":37,"column":6},"end":{"line":37,"column":40}},"19":{"start":{"line":38,"column":6},"end":{"line":38,"column":48}},"20":{"start":{"line":40,"column":6},"end":{"line":40,"column":66}},"21":{"start":{"line":44,"column":2},"end":{"line":46,"column":5}},"22":{"start":{"line":45,"column":4},"end":{"line":45,"column":45}}},"fnMap":{"0":{"name":"parseImages","decl":{"start":{"line":8,"column":15},"end":{"line":8,"column":26}},"loc":{"start":{"line":8,"column":50},"end":{"line":47,"column":1}},"line":8},"1":{"name":"(anonymous_1)","decl":{"start":{"line":14,"column":12},"end":{"line":14,"column":13}},"loc":{"start":{"line":14,"column":23},"end":{"line":16,"column":3}},"line":14},"2":{"name":"(anonymous_2)","decl":{"start":{"line":18,"column":45},"end":{"line":18,"column":46}},"loc":{"start":{"line":18,"column":52},"end":{"line":18,"column":67}},"line":18},"3":{"name":"(anonymous_3)","decl":{"start":{"line":29,"column":12},"end":{"line":29,"column":13}},"loc":{"start":{"line":29,"column":21},"end":{"line":29,"column":29}},"line":29},"4":{"name":"(anonymous_4)","decl":{"start":{"line":30,"column":13},"end":{"line":30,"column":14}},"loc":{"start":{"line":30,"column":24},"end":{"line":32,"column":7}},"line":30},"5":{"name":"(anonymous_5)","decl":{"start":{"line":44,"column":12},"end":{"line":44,"column":13}},"loc":{"start":{"line":44,"column":23},"end":{"line":46,"column":3}},"line":44}},"branchMap":{"0":{"loc":{"start":{"line":22,"column":4},"end":{"line":25,"column":5}},"type":"if","locations":[{"start":{"line":22,"column":4},"end":{"line":25,"column":5}},{"start":{},"end":{}}],"line":22}},"s":{"0":1,"1":1,"2":1,"3":1,"4":1,"5":1,"6":1,"7":1,"8":1,"9":1,"10":0,"11":0,"12":1,"13":1,"14":0,"15":1,"16":1,"17":1,"18":1,"19":1,"20":0,"21":1,"22":1},"f":{"0":1,"1":1,"2":1,"3":1,"4":0,"5":1},"b":{"0":[0,1]},"_coverageSchema":"1a1c01bbd47fc00a2c39e90264f33305004495a9","hash":"5c13e1cb07d8d7704ee333f486d47b72bd232f08"}
,"C:\\Users\\user\\Documents\\code\\js-jest-testing-project-67\\src\\helpers\\parseLinks.js": {"path":"C:\\Users\\user\\Documents\\code\\js-jest-testing-project-67\\src\\helpers\\parseLinks.js","statementMap":{"0":{"start":{"line":9,"column":24},"end":{"line":9,"column":33}},"1":{"start":{"line":11,"column":46},"end":{"line":11,"column":58}},"2":{"start":{"line":13,"column":16},"end":{"line":13,"column":18}},"3":{"start":{"line":14,"column":2},"end":{"line":16,"column":5}},"4":{"start":{"line":15,"column":4},"end":{"line":15,"column":35}},"5":{"start":{"line":18,"column":23},"end":{"line":18,"column":56}},"6":{"start":{"line":18,"column":40},"end":{"line":18,"column":55}},"7":{"start":{"line":20,"column":23},"end":{"line":20,"column":25}},"8":{"start":{"line":22,"column":2},"end":{"line":42,"column":3}},"9":{"start":{"line":23,"column":4},"end":{"line":26,"column":5}},"10":{"start":{"line":24,"column":6},"end":{"line":24,"column":30}},"11":{"start":{"line":25,"column":6},"end":{"line":25,"column":15}},"12":{"start":{"line":27,"column":17},"end":{"line":32,"column":8}},"13":{"start":{"line":29,"column":21},"end":{"line":29,"column":29}},"14":{"start":{"line":31,"column":8},"end":{"line":31,"column":32}},"15":{"start":{"line":34,"column":4},"end":{"line":41,"column":5}},"16":{"start":{"line":35,"column":23},"end":{"line":35,"column":37}},"17":{"start":{"line":36,"column":6},"end":{"line":36,"column":60}},"18":{"start":{"line":37,"column":6},"end":{"line":37,"column":34}},"19":{"start":{"line":38,"column":6},"end":{"line":38,"column":52}},"20":{"start":{"line":40,"column":6},"end":{"line":40,"column":61}},"21":{"start":{"line":44,"column":2},"end":{"line":46,"column":5}},"22":{"start":{"line":45,"column":4},"end":{"line":45,"column":40}}},"fnMap":{"0":{"name":"parseLinks","decl":{"start":{"line":8,"column":15},"end":{"line":8,"column":25}},"loc":{"start":{"line":8,"column":49},"end":{"line":47,"column":1}},"line":8},"1":{"name":"(anonymous_1)","decl":{"start":{"line":14,"column":21},"end":{"line":14,"column":22}},"loc":{"start":{"line":14,"column":32},"end":{"line":16,"column":3}},"line":14},"2":{"name":"(anonymous_2)","decl":{"start":{"line":18,"column":33},"end":{"line":18,"column":34}},"loc":{"start":{"line":18,"column":40},"end":{"line":18,"column":55}},"line":18},"3":{"name":"(anonymous_3)","decl":{"start":{"line":29,"column":12},"end":{"line":29,"column":13}},"loc":{"start":{"line":29,"column":21},"end":{"line":29,"column":29}},"line":29},"4":{"name":"(anonymous_4)","decl":{"start":{"line":30,"column":13},"end":{"line":30,"column":14}},"loc":{"start":{"line":30,"column":24},"end":{"line":32,"column":7}},"line":30},"5":{"name":"(anonymous_5)","decl":{"start":{"line":44,"column":21},"end":{"line":44,"column":22}},"loc":{"start":{"line":44,"column":32},"end":{"line":46,"column":3}},"line":44}},"branchMap":{"0":{"loc":{"start":{"line":23,"column":4},"end":{"line":26,"column":5}},"type":"if","locations":[{"start":{"line":23,"column":4},"end":{"line":26,"column":5}},{"start":{},"end":{}}],"line":23}},"s":{"0":1,"1":1,"2":1,"3":1,"4":1,"5":1,"6":1,"7":1,"8":1,"9":1,"10":0,"11":0,"12":1,"13":1,"14":0,"15":1,"16":1,"17":1,"18":1,"19":1,"20":0,"21":1,"22":1},"f":{"0":1,"1":1,"2":1,"3":1,"4":0,"5":1},"b":{"0":[0,1]},"_coverageSchema":"1a1c01bbd47fc00a2c39e90264f33305004495a9","hash":"d8d396a60c45aefefe5fb8280e61acc880f7cd33"}
,"C:\\Users\\user\\Documents\\code\\js-jest-testing-project-67\\src\\helpers\\parseScripts.js": {"path":"C:\\Users\\user\\Documents\\code\\js-jest-testing-project-67\\src\\helpers\\parseScripts.js","statementMap":{"0":{"start":{"line":9,"column":26},"end":{"line":9,"column":37}},"1":{"start":{"line":11,"column":46},"end":{"line":11,"column":58}},"2":{"start":{"line":13,"column":18},"end":{"line":13,"column":20}},"3":{"start":{"line":14,"column":2},"end":{"line":16,"column":5}},"4":{"start":{"line":15,"column":4},"end":{"line":15,"column":36}},"5":{"start":{"line":18,"column":25},"end":{"line":18,"column":60}},"6":{"start":{"line":18,"column":44},"end":{"line":18,"column":59}},"7":{"start":{"line":20,"column":25},"end":{"line":20,"column":27}},"8":{"start":{"line":22,"column":2},"end":{"line":42,"column":3}},"9":{"start":{"line":23,"column":4},"end":{"line":26,"column":5}},"10":{"start":{"line":24,"column":6},"end":{"line":24,"column":34}},"11":{"start":{"line":25,"column":6},"end":{"line":25,"column":15}},"12":{"start":{"line":27,"column":17},"end":{"line":32,"column":8}},"13":{"start":{"line":29,"column":21},"end":{"line":29,"column":29}},"14":{"start":{"line":31,"column":8},"end":{"line":31,"column":32}},"15":{"start":{"line":34,"column":4},"end":{"line":41,"column":5}},"16":{"start":{"line":35,"column":23},"end":{"line":35,"column":39}},"17":{"start":{"line":36,"column":6},"end":{"line":36,"column":60}},"18":{"start":{"line":37,"column":6},"end":{"line":37,"column":36}},"19":{"start":{"line":38,"column":6},"end":{"line":38,"column":54}},"20":{"start":{"line":40,"column":6},"end":{"line":40,"column":63}},"21":{"start":{"line":44,"column":2},"end":{"line":46,"column":5}},"22":{"start":{"line":45,"column":4},"end":{"line":45,"column":41}}},"fnMap":{"0":{"name":"parseScripts","decl":{"start":{"line":8,"column":15},"end":{"line":8,"column":27}},"loc":{"start":{"line":8,"column":51},"end":{"line":47,"column":1}},"line":8},"1":{"name":"(anonymous_1)","decl":{"start":{"line":14,"column":23},"end":{"line":14,"column":24}},"loc":{"start":{"line":14,"column":34},"end":{"line":16,"column":3}},"line":14},"2":{"name":"(anonymous_2)","decl":{"start":{"line":18,"column":37},"end":{"line":18,"column":38}},"loc":{"start":{"line":18,"column":44},"end":{"line":18,"column":59}},"line":18},"3":{"name":"(anonymous_3)","decl":{"start":{"line":29,"column":12},"end":{"line":29,"column":13}},"loc":{"start":{"line":29,"column":21},"end":{"line":29,"column":29}},"line":29},"4":{"name":"(anonymous_4)","decl":{"start":{"line":30,"column":13},"end":{"line":30,"column":14}},"loc":{"start":{"line":30,"column":24},"end":{"line":32,"column":7}},"line":30},"5":{"name":"(anonymous_5)","decl":{"start":{"line":44,"column":23},"end":{"line":44,"column":24}},"loc":{"start":{"line":44,"column":34},"end":{"line":46,"column":3}},"line":44}},"branchMap":{"0":{"loc":{"start":{"line":23,"column":4},"end":{"line":26,"column":5}},"type":"if","locations":[{"start":{"line":23,"column":4},"end":{"line":26,"column":5}},{"start":{},"end":{}}],"line":23}},"s":{"0":1,"1":1,"2":1,"3":1,"4":1,"5":1,"6":1,"7":1,"8":1,"9":1,"10":0,"11":0,"12":1,"13":1,"14":0,"15":1,"16":1,"17":1,"18":1,"19":1,"20":0,"21":1,"22":1},"f":{"0":1,"1":1,"2":1,"3":1,"4":0,"5":1},"b":{"0":[0,1]},"_coverageSchema":"1a1c01bbd47fc00a2c39e90264f33305004495a9","hash":"4635c9e2a8d4aa9782c6213f1b5fee10998a45c9"}
,"C:\\Users\\user\\Documents\\code\\js-jest-testing-project-67\\src\\utils\\UrlTransform.js": {"path":"C:\\Users\\user\\Documents\\code\\js-jest-testing-project-67\\src\\utils\\UrlTransform.js","statementMap":{"0":{"start":{"line":2,"column":20},"end":{"line":2,"column":82}},"1":{"start":{"line":4,"column":2},"end":{"line":4,"column":41}},"2":{"start":{"line":8,"column":2},"end":{"line":10,"column":3}},"3":{"start":{"line":9,"column":4},"end":{"line":9,"column":39}},"4":{"start":{"line":12,"column":20},"end":{"line":12,"column":34}},"5":{"start":{"line":14,"column":24},"end":{"line":14,"column":66}},"6":{"start":{"line":16,"column":20},"end":{"line":16,"column":49}},"7":{"start":{"line":18,"column":2},"end":{"line":20,"column":3}},"8":{"start":{"line":19,"column":4},"end":{"line":19,"column":90}},"9":{"start":{"line":22,"column":19},"end":{"line":22,"column":63}},"10":{"start":{"line":24,"column":2},"end":{"line":24,"column":53}},"11":{"start":{"line":28,"column":2},"end":{"line":34,"column":20}},"12":{"start":{"line":29,"column":4},"end":{"line":29,"column":14}},"13":{"start":{"line":30,"column":9},"end":{"line":34,"column":20}},"14":{"start":{"line":31,"column":4},"end":{"line":31,"column":30}},"15":{"start":{"line":32,"column":9},"end":{"line":34,"column":20}},"16":{"start":{"line":33,"column":4},"end":{"line":33,"column":28}},"17":{"start":{"line":34,"column":9},"end":{"line":34,"column":20}}},"fnMap":{"0":{"name":"getExtension","decl":{"start":{"line":1,"column":16},"end":{"line":1,"column":28}},"loc":{"start":{"line":1,"column":34},"end":{"line":5,"column":1}},"line":1},"1":{"name":"makeName","decl":{"start":{"line":7,"column":16},"end":{"line":7,"column":24}},"loc":{"start":{"line":7,"column":30},"end":{"line":25,"column":1}},"line":7},"2":{"name":"makeURL","decl":{"start":{"line":27,"column":16},"end":{"line":27,"column":23}},"loc":{"start":{"line":27,"column":34},"end":{"line":35,"column":1}},"line":27}},"branchMap":{"0":{"loc":{"start":{"line":4,"column":9},"end":{"line":4,"column":40}},"type":"cond-expr","locations":[{"start":{"line":4,"column":21},"end":{"line":4,"column":33}},{"start":{"line":4,"column":36},"end":{"line":4,"column":40}}],"line":4},"1":{"loc":{"start":{"line":8,"column":2},"end":{"line":10,"column":3}},"type":"if","locations":[{"start":{"line":8,"column":2},"end":{"line":10,"column":3}},{"start":{},"end":{}}],"line":8},"2":{"loc":{"start":{"line":18,"column":2},"end":{"line":20,"column":3}},"type":"if","locations":[{"start":{"line":18,"column":2},"end":{"line":20,"column":3}},{"start":{},"end":{}}],"line":18},"3":{"loc":{"start":{"line":24,"column":9},"end":{"line":24,"column":52}},"type":"cond-expr","locations":[{"start":{"line":24,"column":21},"end":{"line":24,"column":41}},{"start":{"line":24,"column":44},"end":{"line":24,"column":52}}],"line":24},"4":{"loc":{"start":{"line":28,"column":2},"end":{"line":34,"column":20}},"type":"if","locations":[{"start":{"line":28,"column":2},"end":{"line":34,"column":20}},{"start":{"line":30,"column":9},"end":{"line":34,"column":20}}],"line":28},"5":{"loc":{"start":{"line":30,"column":9},"end":{"line":34,"column":20}},"type":"if","locations":[{"start":{"line":30,"column":9},"end":{"line":34,"column":20}},{"start":{"line":32,"column":9},"end":{"line":34,"column":20}}],"line":30},"6":{"loc":{"start":{"line":32,"column":9},"end":{"line":34,"column":20}},"type":"if","locations":[{"start":{"line":32,"column":9},"end":{"line":34,"column":20}},{"start":{"line":34,"column":9},"end":{"line":34,"column":20}}],"line":32}},"s":{"0":17,"1":17,"2":11,"3":1,"4":11,"5":11,"6":11,"7":11,"8":4,"9":11,"10":11,"11":8,"12":1,"13":7,"14":1,"15":6,"16":3,"17":3},"f":{"0":17,"1":11,"2":8},"b":{"0":[9,8],"1":[1,10],"2":[4,7],"3":[5,6],"4":[1,7],"5":[1,6],"6":[3,3]},"_coverageSchema":"1a1c01bbd47fc00a2c39e90264f33305004495a9","hash":"e87409a7e3a0dbc2ba2e9a3182decf0213480abb"}
,"C:\\Users\\user\\Documents\\code\\js-jest-testing-project-67\\src\\utils\\axiosInstance.js": {"path":"C:\\Users\\user\\Documents\\code\\js-jest-testing-project-67\\src\\utils\\axiosInstance.js","statementMap":{"0":{"start":{"line":4,"column":0},"end":{"line":4,"column":45}},"1":{"start":{"line":6,"column":17},"end":{"line":6,"column":31}},"2":{"start":{"line":7,"column":0},"end":{"line":7,"column":61}},"3":{"start":{"line":8,"column":0},"end":{"line":8,"column":63}}},"fnMap":{},"branchMap":{},"s":{"0":1,"1":1,"2":1,"3":1},"f":{},"b":{},"_coverageSchema":"1a1c01bbd47fc00a2c39e90264f33305004495a9","hash":"602e9c544eb3148dba1be1f9a50704ad3eaef829"}
,"C:\\Users\\user\\Documents\\code\\js-jest-testing-project-67\\src\\utils\\debugLog.js": {"path":"C:\\Users\\user\\Documents\\code\\js-jest-testing-project-67\\src\\utils\\debugLog.js","statementMap":{"0":{"start":{"line":3,"column":17},"end":{"line":3,"column":37}},"1":{"start":{"line":6,"column":2},"end":{"line":6,"column":27}}},"fnMap":{"0":{"name":"debugLogger","decl":{"start":{"line":5,"column":24},"end":{"line":5,"column":35}},"loc":{"start":{"line":5,"column":52},"end":{"line":7,"column":1}},"line":5}},"branchMap":{},"s":{"0":1,"1":3},"f":{"0":3},"b":{},"_coverageSchema":"1a1c01bbd47fc00a2c39e90264f33305004495a9","hash":"d043bc76a63b27cf4ded05f4d0a86db46549ea84"}
,"C:\\Users\\user\\Documents\\code\\js-jest-testing-project-67\\src\\utils\\handleAxiosError.js": {"path":"C:\\Users\\user\\Documents\\code\\js-jest-testing-project-67\\src\\utils\\handleAxiosError.js","statementMap":{"0":{"start":{"line":4,"column":2},"end":{"line":18,"column":3}},"1":{"start":{"line":7,"column":4},"end":{"line":9,"column":6}},"2":{"start":{"line":10,"column":9},"end":{"line":18,"column":3}},"3":{"start":{"line":14,"column":4},"end":{"line":14,"column":97}},"4":{"start":{"line":17,"column":4},"end":{"line":17,"column":42}}},"fnMap":{"0":{"name":"handleAxiosError","decl":{"start":{"line":3,"column":16},"end":{"line":3,"column":32}},"loc":{"start":{"line":3,"column":40},"end":{"line":19,"column":1}},"line":3}},"branchMap":{"0":{"loc":{"start":{"line":4,"column":2},"end":{"line":18,"column":3}},"type":"if","locations":[{"start":{"line":4,"column":2},"end":{"line":18,"column":3}},{"start":{"line":10,"column":9},"end":{"line":18,"column":3}}],"line":4},"1":{"loc":{"start":{"line":10,"column":9},"end":{"line":18,"column":3}},"type":"if","locations":[{"start":{"line":10,"column":9},"end":{"line":18,"column":3}},{"start":{"line":15,"column":9},"end":{"line":18,"column":3}}],"line":10}},"s":{"0":1,"1":0,"2":1,"3":1,"4":0},"f":{"0":1},"b":{"0":[0,1],"1":[1,0]},"_coverageSchema":"1a1c01bbd47fc00a2c39e90264f33305004495a9","hash":"ff0ca5a5ded11791435809407c0ab60ef2d899e1"}
,"C:\\Users\\user\\Documents\\code\\js-jest-testing-project-67\\src\\utils\\prettifyHTML.js": {"path":"C:\\Users\\user\\Documents\\code\\js-jest-testing-project-67\\src\\utils\\prettifyHTML.js","statementMap":{"0":{"start":{"line":4,"column":29},"end":{"line":4,"column":37}},"1":{"start":{"line":6,"column":16},"end":{"line":11,"column":1}},"2":{"start":{"line":13,"column":21},"end":{"line":16,"column":1}},"3":{"start":{"line":14,"column":15},"end":{"line":14,"column":51}},"4":{"start":{"line":15,"column":2},"end":{"line":15,"column":62}}},"fnMap":{"0":{"name":"(anonymous_0)","decl":{"start":{"line":13,"column":21},"end":{"line":13,"column":22}},"loc":{"start":{"line":13,"column":41},"end":{"line":16,"column":1}},"line":13}},"branchMap":{},"s":{"0":1,"1":1,"2":1,"3":1,"4":1},"f":{"0":1},"b":{},"_coverageSchema":"1a1c01bbd47fc00a2c39e90264f33305004495a9","hash":"0c5a07de852c9bfd00b5c180dcd0235145c9a51e"}
}
