TN:
SF:src\index.js
FN:10,savePage
FN:21,(anonymous_1)
FN:22,(anonymous_2)
FNF:3
FNH:3
FNDA:4,savePage
FNDA:2,(anonymous_1)
FNDA:1,(anonymous_2)
DA:12,4
DA:13,4
DA:15,1
DA:16,1
DA:19,3
DA:21,2
DA:23,1
DA:24,1
DA:27,2
DA:28,2
DA:30,2
DA:31,2
DA:33,1
DA:34,1
DA:37,1
DA:38,1
DA:40,0
DA:41,0
DA:42,0
DA:45,1
LF:20
LH:17
BRDA:10,0,0,2
BRF:1
BRH:1
end_of_record
TN:
SF:src\parse.js
FN:10,parse
FNF:1
FNH:1
FNDA:1,parse
DA:11,1
DA:13,1
DA:14,1
DA:15,1
DA:17,1
DA:19,1
DA:21,1
DA:22,1
LF:8
LH:8
BRF:0
BRH:0
end_of_record
TN:
SF:src\helpers\parseImages.js
FN:8,parseImages
FN:14,(anonymous_1)
FN:18,(anonymous_2)
FN:29,(anonymous_3)
FN:30,(anonymous_4)
FN:44,(anonymous_5)
FNF:6
FNH:5
FNDA:1,parseImages
FNDA:1,(anonymous_1)
FNDA:1,(anonymous_2)
FNDA:1,(anonymous_3)
FNDA:0,(anonymous_4)
FNDA:1,(anonymous_5)
DA:9,1
DA:11,1
DA:13,1
DA:14,1
DA:15,1
DA:18,1
DA:20,1
DA:21,1
DA:22,1
DA:23,0
DA:24,0
DA:27,1
DA:29,1
DA:31,0
DA:34,1
DA:35,1
DA:36,1
DA:37,1
DA:38,1
DA:40,0
DA:44,1
DA:45,1
LF:22
LH:18
BRDA:22,0,0,0
BRDA:22,0,1,1
BRF:2
BRH:1
end_of_record
TN:
SF:src\helpers\parseLinks.js
FN:8,parseLinks
FN:14,(anonymous_1)
FN:18,(anonymous_2)
FN:29,(anonymous_3)
FN:30,(anonymous_4)
FN:44,(anonymous_5)
FNF:6
FNH:5
FNDA:1,parseLinks
FNDA:1,(anonymous_1)
FNDA:1,(anonymous_2)
FNDA:1,(anonymous_3)
FNDA:0,(anonymous_4)
FNDA:1,(anonymous_5)
DA:9,1
DA:11,1
DA:13,1
DA:14,1
DA:15,1
DA:18,1
DA:20,1
DA:22,1
DA:23,1
DA:24,0
DA:25,0
DA:27,1
DA:29,1
DA:31,0
DA:34,1
DA:35,1
DA:36,1
DA:37,1
DA:38,1
DA:40,0
DA:44,1
DA:45,1
LF:22
LH:18
BRDA:23,0,0,0
BRDA:23,0,1,1
BRF:2
BRH:1
end_of_record
TN:
SF:src\helpers\parseScripts.js
FN:8,parseScripts
FN:14,(anonymous_1)
FN:18,(anonymous_2)
FN:29,(anonymous_3)
FN:30,(anonymous_4)
FN:44,(anonymous_5)
FNF:6
FNH:5
FNDA:1,parseScripts
FNDA:1,(anonymous_1)
FNDA:1,(anonymous_2)
FNDA:1,(anonymous_3)
FNDA:0,(anonymous_4)
FNDA:1,(anonymous_5)
DA:9,1
DA:11,1
DA:13,1
DA:14,1
DA:15,1
DA:18,1
DA:20,1
DA:22,1
DA:23,1
DA:24,0
DA:25,0
DA:27,1
DA:29,1
DA:31,0
DA:34,1
DA:35,1
DA:36,1
DA:37,1
DA:38,1
DA:40,0
DA:44,1
DA:45,1
LF:22
LH:18
BRDA:23,0,0,0
BRDA:23,0,1,1
BRF:2
BRH:1
end_of_record
TN:
SF:src\utils\UrlTransform.js
FN:1,getExtension
FN:7,makeName
FN:27,makeURL
FNF:3
FNH:3
FNDA:17,getExtension
FNDA:11,makeName
FNDA:8,makeURL
DA:2,17
DA:4,17
DA:8,11
DA:9,1
DA:12,11
DA:14,11
DA:16,11
DA:18,11
DA:19,4
DA:22,11
DA:24,11
DA:28,8
DA:29,1
DA:30,7
DA:31,1
DA:32,6
DA:33,3
DA:34,3
LF:18
LH:18
BRDA:4,0,0,9
BRDA:4,0,1,8
BRDA:8,1,0,1
BRDA:8,1,1,10
BRDA:18,2,0,4
BRDA:18,2,1,7
BRDA:24,3,0,5
BRDA:24,3,1,6
BRDA:28,4,0,1
BRDA:28,4,1,7
BRDA:30,5,0,1
BRDA:30,5,1,6
BRDA:32,6,0,3
BRDA:32,6,1,3
BRF:14
BRH:14
end_of_record
TN:
SF:src\utils\axiosInstance.js
FNF:0
FNH:0
DA:4,2
DA:6,2
DA:7,2
DA:8,2
LF:4
LH:4
BRF:0
BRH:0
end_of_record
TN:
SF:src\utils\debugLog.js
FN:5,debugLogger
FNF:1
FNH:1
FNDA:3,debugLogger
DA:3,2
DA:6,3
LF:2
LH:2
BRF:0
BRH:0
end_of_record
TN:
SF:src\utils\handleAxiosError.js
FN:3,handleAxiosError
FNF:1
FNH:1
FNDA:1,handleAxiosError
DA:4,1
DA:7,0
DA:10,1
DA:14,1
DA:16,0
LF:5
LH:3
BRDA:4,0,0,0
BRDA:4,0,1,1
BRDA:10,1,0,1
BRDA:10,1,1,0
BRF:4
BRH:2
end_of_record
TN:
SF:src\utils\prettifyHTML.js
FN:13,(anonymous_0)
FNF:1
FNH:1
FNDA:1,(anonymous_0)
DA:4,2
DA:6,2
DA:13,2
DA:14,1
DA:15,1
LF:5
LH:5
BRF:0
BRH:0
end_of_record
